[2025-09-06 04:03:38] - Usuário: marcus - Ação: Registro de glicemia e refeição: 111.0
[2025-09-06 04:05:49] - Usuário: marcus - Ação: Registro de glicemia e refeição: 123.0
[2025-09-06 04:06:44] - Usuário: marcus - Ação: Registro de glicemia e refeição: 258.0
[2025-09-06 04:10:34] - Usuário: marcus - Ação: Registro de glicemia e refeição: 23.0
[2025-09-06 04:23:24] - Usuário: marcus - Ação: Novo usuário Davi Lucas Siqueira Goeth cadastrado pelo admin
[2025-09-06 04:24:08] - Usuário: Davi Lucas Siqueira Goeth - Ação: Login bem-sucedido
[2025-09-06 04:27:23] - Usuário: Davi Lucas Siqueira Goeth - Ação: Registro de glicemia e refeição: 421.0
[2025-09-06 04:27:51] - Usuário: Davi Lucas Siqueira Goeth - Ação: Perfil de usuário atualizado.
[2025-09-06 04:28:45] - Usuário: Davi Lucas Siqueira Goeth - Ação: Registro de glicemia e refeição: 168.0
[2025-09-06 04:29:37] - Usuário: Davi Lucas Siqueira Goeth - Ação: Registro de glicemia e refeição: 201.0
[2025-09-06 04:30:24] - Usuário: Davi Lucas Siqueira Goeth - Ação: Registro de glicemia e refeição: 102.0
[2025-09-06 04:31:06] - Usuário: Davi Lucas Siqueira Goeth - Ação: Registro de glicemia e refeição: 301.0
[2025-09-06 04:32:01] - Usuário: Davi Lucas Siqueira Goeth - Ação: Registro de glicemia e refeição: 161.0
[2025-09-06 04:32:51] - Usuário: Davi Lucas Siqueira Goeth - Ação: Registro de glicemia e refeição: 103.0
[2025-09-06 04:34:10] - Usuário: Davi Lucas Siqueira Goeth - Ação: Registro de glicemia e refeição: 93.0
[2025-09-06 04:35:14] - Usuário: Davi Lucas Siqueira Goeth - Ação: Registro de glicemia e refeição: 153.0
[2025-09-06 04:36:03] - Usuário: Davi Lucas Siqueira Goeth - Ação: Registro de glicemia e refeição: 107.0
[2025-09-06 04:36:47] - Usuário: Davi Lucas Siqueira Goeth - Ação: Registro de glicemia e refeição: 309.0
[2025-09-06 04:37:56] - Usuário: Davi Lucas Siqueira Goeth - Ação: Registro de glicemia e refeição: 105.0
[2025-09-06 04:39:24] - Usuário: Davi Lucas Siqueira Goeth - Ação: Registro de glicemia e refeição: 100.0
[2025-09-06 04:40:19] - Usuário: Davi Lucas Siqueira Goeth - Ação: Registro de glicemia e refeição: 275.0
[2025-09-06 04:42:04] - Usuário: Davi Lucas Siqueira Goeth - Ação: Registro de glicemia e refeição: 133.0
[2025-09-06 04:43:21] - Usuário: Davi Lucas Siqueira Goeth - Ação: Registro de glicemia e refeição: 367.0
[2025-09-06 04:44:20] - Usuário: Davi Lucas Siqueira Goeth - Ação: Registro de glicemia e refeição: 112.0
[2025-09-06 04:45:13] - Usuário: Davi Lucas Siqueira Goeth - Ação: Registro de glicemia e refeição: 153.0
[2025-09-06 04:47:07] - Usuário: Davi Lucas Siqueira Goeth - Ação: Cálculo de Fator de Sensibilidade: None mg/dL
[2025-09-06 04:48:03] - Usuário: Davi Lucas Siqueira Goeth - Ação: Cálculo de Fator de Sensibilidade: None mg/dL
[2025-09-06 04:54:26] - Usuário: Davi Lucas Siqueira Goeth - Ação: Cálculo de Fator de Sensibilidade: None mg/dL
[2025-09-06 04:54:57] - Usuário: Davi Lucas Siqueira Goeth - Ação: Cálculo de Fator de Sensibilidade: None mg/dL
[2025-09-06 04:55:13] - Usuário: Davi Lucas Siqueira Goeth - Ação: Cálculo de Fator de Sensibilidade: None mg/dL
[2025-09-06 05:02:49] - Usuário: Davi Lucas Siqueira Goeth - Ação: Cálculo de Fator de Sensibilidade: None mg/dL
